<?xml version="1.0" encoding="UTF-8"?>
<testsuite xmlns:xsi="http://www.w3.org/2001/XMLSchema-instance" xsi:noNamespaceSchemaLocation="https://maven.apache.org/surefire/maven-surefire-plugin/xsd/surefire-test-report.xsd" version="3.0.2" name="myrunner.SuiteRunnerTest" time="77.102" tests="42" errors="2" skipped="1" failures="0">
  <properties>
[...]
</properties>
  <testcase name="I navigate to ToolsQA HomePage" classname="Verify that the user is able to select the values from bootstrap dropdrown #1" time="7.384">
    <system-out><![CDATA[
@allure.label.owner=Bobby @allure.label.epic:Epic-Widgets_Page @allure.label.feature:Feature-Handle_Widgets @Regression @Retest @allure.label.story:Verify_that_the_user_is_able_to_select_the_values_from_bootstrap_dropdrown
Scenario Outline: Verify that the user is able to select the values from bootstrap dropdrown &amp#27;[90m# src/test/java/com/qa/features/Widgets.feature:48&amp#27;[0m
&amp#27;[34mVerify that the user is able to select the values from bootstrap dropdrown&amp#27;[0m
]]></system-out>
    <system-err><![CDATA[[main] WARN io.qameta.allure.cucumber7jvm.LabelBuilder - Composite tag @ALLURE.LABEL.OWNER is not supported. adding it as RAW
]]></system-err>
  </testcase>
  <testcase name="I open widgets pane" classname="Verify that the user is able to select the values from bootstrap dropdrown #1" time="0.453">
    <system-out><![CDATA[  &amp#27;[32mGiven &amp#27;[0m&amp#27;[32mI navigate to ToolsQA HomePage&amp#27;[0m                                                       &amp#27;[90m# com.qa.stepDefinitions.HomeSteps.i_navigate_to_toolsqa_homepage()&amp#27;[0m
]]></system-out>
  </testcase>
  <testcase name="I open Select Menu page" classname="Verify that the user is able to select the values from bootstrap dropdrown #1" time="0.307">
    <system-out><![CDATA[  &amp#27;[32mWhen &amp#27;[0m&amp#27;[32mI open widgets pane&amp#27;[0m                                                                   &amp#27;[90m# com.qa.stepDefinitions.HomeSteps.i_open_widgets_pane()&amp#27;[0m
]]></system-out>
  </testcase>
  <testcase name="I see the bootstrap dropdown" classname="Verify that the user is able to select the values from bootstrap dropdrown #1" time="1.963">
    <system-out><![CDATA[  &amp#27;[32mAnd &amp#27;[0m&amp#27;[32mI open Select Menu page&amp#27;[0m                                                                &amp#27;[90m# com.qa.stepDefinitions.SelectMenuSteps.i_open_select_menu_page()&amp#27;[0m
]]></system-out>
  </testcase>
  <testcase name="I select the option &quot;Group 1, option 3&quot; in the bootstrap dropdown" classname="Verify that the user is able to select the values from bootstrap dropdrown #1" time="0.741">
    <error message="no such element: Unable to locate element: {&quot;method&quot;:&quot;xpath&quot;,&quot;selector&quot;:&quot;//*[@class!=&apos; css-1uccc91-singleValue&apos; and text()=&apos;Group 1, option 3&apos;]&quot;}&#10;  (Session info: chrome=134.0.6998.178)&#10;For documentation on this error, please visit: https://www.selenium.dev/documentation/webdriver/troubleshooting/errors#no-such-element-exception&#10;Build info: version: &apos;4.30.0&apos;, revision: &apos;509c7f17cc*&apos;&#10;System info: os.name: &apos;Windows 10&apos;, os.arch: &apos;amd64&apos;, os.version: &apos;10.0&apos;, java.version: &apos;17.0.6&apos;&#10;Driver info: org.openqa.selenium.chrome.ChromeDriver&#10;Command: [184b40f7d1e2537657b5f6a171b61e66, findElement {value=//*[@class!=&apos; css-1uccc91-singleValue&apos; and text()=&apos;Group 1, option 3&apos;], using=xpath}]&#10;Capabilities {acceptInsecureCerts: false, browserName: chrome, browserVersion: 134.0.6998.178, chrome: {chromedriverVersion: 134.0.6998.165 (fd886e2cb29..., userDataDir: C:\Users\hp\AppData\Local\T...}, fedcm:accounts: true, goog:chromeOptions: {debuggerAddress: localhost:10536}, networkConnectionEnabled: false, pageLoadStrategy: eager, platformName: windows, proxy: Proxy(), se:cdp: ws://localhost:10536/devtoo..., se:cdpVersion: 134.0.6998.178, setWindowRect: true, strictFileInteractability: false, timeouts: {implicit: 0, pageLoad: 300000, script: 30000}, unhandledPromptBehavior: dismiss and notify, webauthn:extension:credBlob: true, webauthn:extension:largeBlob: true, webauthn:extension:minPinLength: true, webauthn:extension:prf: true, webauthn:virtualAuthenticators: true}&#10;Session ID: 184b40f7d1e2537657b5f6a171b61e66" type="org.openqa.selenium.NoSuchElementException"><![CDATA[org.openqa.selenium.NoSuchElementException: 
no such element: Unable to locate element: {"method":"xpath","selector":"//*[@class!=' css-1uccc91-singleValue' and text()='Group 1, option 3']"}
  (Session info: chrome=134.0.6998.178)
For documentation on this error, please visit: https://www.selenium.dev/documentation/webdriver/troubleshooting/errors#no-such-element-exception
Build info: version: '4.30.0', revision: '509c7f17cc*'
System info: os.name: 'Windows 10', os.arch: 'amd64', os.version: '10.0', java.version: '17.0.6'
Driver info: org.openqa.selenium.chrome.ChromeDriver
Command: [184b40f7d1e2537657b5f6a171b61e66, findElement {value=//*[@class!=' css-1uccc91-singleValue' and text()='Group 1, option 3'], using=xpath}]
Capabilities {acceptInsecureCerts: false, browserName: chrome, browserVersion: 134.0.6998.178, chrome: {chromedriverVersion: 134.0.6998.165 (fd886e2cb29..., userDataDir: C:\Users\hp\AppData\Local\T...}, fedcm:accounts: true, goog:chromeOptions: {debuggerAddress: localhost:10536}, networkConnectionEnabled: false, pageLoadStrategy: eager, platformName: windows, proxy: Proxy(), se:cdp: ws://localhost:10536/devtoo..., se:cdpVersion: 134.0.6998.178, setWindowRect: true, strictFileInteractability: false, timeouts: {implicit: 0, pageLoad: 300000, script: 30000}, unhandledPromptBehavior: dismiss and notify, webauthn:extension:credBlob: true, webauthn:extension:largeBlob: true, webauthn:extension:minPinLength: true, webauthn:extension:prf: true, webauthn:virtualAuthenticators: true}
Session ID: 184b40f7d1e2537657b5f6a171b61e66
	at java.base/java.lang.reflect.Constructor.newInstanceWithCaller(Constructor.java:499)
	at java.base/java.lang.reflect.Constructor.newInstance(Constructor.java:480)
	at org.openqa.selenium.remote.ErrorCodec.decode(ErrorCodec.java:167)
	at org.openqa.selenium.remote.codec.w3c.W3CHttpResponseCodec.decode(W3CHttpResponseCodec.java:138)
	at org.openqa.selenium.remote.codec.w3c.W3CHttpResponseCodec.decode(W3CHttpResponseCodec.java:50)
	at org.openqa.selenium.remote.HttpCommandExecutor.execute(HttpCommandExecutor.java:215)
	at org.openqa.selenium.remote.service.DriverCommandExecutor.invokeExecute(DriverCommandExecutor.java:216)
	at org.openqa.selenium.remote.service.DriverCommandExecutor.execute(DriverCommandExecutor.java:174)
	at org.openqa.selenium.remote.RemoteWebDriver.execute(RemoteWebDriver.java:545)
	at org.openqa.selenium.remote.ElementLocation$ElementFinder$2.findElement(ElementLocation.java:165)
	at org.openqa.selenium.remote.ElementLocation.findElement(ElementLocation.java:59)
	at org.openqa.selenium.remote.RemoteWebDriver.findElement(RemoteWebDriver.java:368)
	at org.openqa.selenium.remote.RemoteWebDriver.findElement(RemoteWebDriver.java:362)
	at com.qa.pages.SelectMenuPage.selectTheBootstrapOption(SelectMenuPage.java:55)
	at com.qa.stepDefinitions.SelectMenuSteps.i_select_the_option_group_option_in_the_bootstrap_dropdown(SelectMenuSteps.java:27)
	at ✽.I select the option "Group 1, option 3" in the bootstrap dropdown(file:///E:/Programming/workspace/SeleniumCucumberMBDD2/src/test/java/com/qa/features/Widgets.feature:44)
]]></error>
    <system-out><![CDATA[  &amp#27;[32mThen &amp#27;[0m&amp#27;[32mI see the bootstrap dropdown&amp#27;[0m                                                          &amp#27;[90m# com.qa.stepDefinitions.SelectMenuSteps.i_see_the_bootstrap_dropdown()&amp#27;[0m
]]></system-out>
  </testcase>
  <testcase name="I see the &quot;Group 1, option 3&quot; get selected" classname="Verify that the user is able to select the values from bootstrap dropdrown #1" time="0.0">
    <skipped type="io.cucumber.junit.SkippedThrowable"><![CDATA[io.cucumber.junit.SkippedThrowable: This step is skipped
]]></skipped>
    <system-out><![CDATA[  &amp#27;[31mWhen &amp#27;[0m&amp#27;[31mI select the option &amp#27;[0m&amp#27;[31m&amp#27;[1m"Group 1, option 3"&amp#27;[0m&amp#27;[31m in the bootstrap dropdown&amp#27;[0m                     &amp#27;[90m# com.qa.stepDefinitions.SelectMenuSteps.i_select_the_option_group_option_in_the_bootstrap_dropdown(java.lang.String)&amp#27;[0m
      &amp#27;[31morg.openqa.selenium.NoSuchElementException: no such element: Unable to locate element: {"method":"xpath","selector":"//*[@class!=' css-1uccc91-singleValue' and text()='Group 1, option 3']"}
  (Session info: chrome=134.0.6998.178)
For documentation on this error, please visit: https://www.selenium.dev/documentation/webdriver/troubleshooting/errors#no-such-element-exception
Build info: version: '4.30.0', revision: '509c7f17cc*'
System info: os.name: 'Windows 10', os.arch: 'amd64', os.version: '10.0', java.version: '17.0.6'
Driver info: org.openqa.selenium.chrome.ChromeDriver
Command: [184b40f7d1e2537657b5f6a171b61e66, findElement {value=//*[@class!=' css-1uccc91-singleValue' and text()='Group 1, option 3'], using=xpath}]
Capabilities {acceptInsecureCerts: false, browserName: chrome, browserVersion: 134.0.6998.178, chrome: {chromedriverVersion: 134.0.6998.165 (fd886e2cb29..., userDataDir: C:\Users\hp\AppData\Local\T...}, fedcm:accounts: true, goog:chromeOptions: {debuggerAddress: localhost:10536}, networkConnectionEnabled: false, pageLoadStrategy: eager, platformName: windows, proxy: Proxy(), se:cdp: ws://localhost:10536/devtoo..., se:cdpVersion: 134.0.6998.178, setWindowRect: true, strictFileInteractability: false, timeouts: {implicit: 0, pageLoad: 300000, script: 30000}, unhandledPromptBehavior: dismiss and notify, webauthn:extension:credBlob: true, webauthn:extension:largeBlob: true, webauthn:extension:minPinLength: true, webauthn:extension:prf: true, webauthn:virtualAuthenticators: true}
Session ID: 184b40f7d1e2537657b5f6a171b61e66
	at java.base/java.lang.reflect.Constructor.newInstanceWithCaller(Constructor.java:499)
	at java.base/java.lang.reflect.Constructor.newInstance(Constructor.java:480)
	at org.openqa.selenium.remote.ErrorCodec.decode(ErrorCodec.java:167)
	at org.openqa.selenium.remote.codec.w3c.W3CHttpResponseCodec.decode(W3CHttpResponseCodec.java:138)
	at org.openqa.selenium.remote.codec.w3c.W3CHttpResponseCodec.decode(W3CHttpResponseCodec.java:50)
	at org.openqa.selenium.remote.HttpCommandExecutor.execute(HttpCommandExecutor.java:215)
	at org.openqa.selenium.remote.service.DriverCommandExecutor.invokeExecute(DriverCommandExecutor.java:216)
	at org.openqa.selenium.remote.service.DriverCommandExecutor.execute(DriverCommandExecutor.java:174)
	at org.openqa.selenium.remote.RemoteWebDriver.execute(RemoteWebDriver.java:545)
	at org.openqa.selenium.remote.ElementLocation$ElementFinder$2.findElement(ElementLocation.java:165)
	at org.openqa.selenium.remote.ElementLocation.findElement(ElementLocation.java:59)
	at org.openqa.selenium.remote.RemoteWebDriver.findElement(RemoteWebDriver.java:368)
	at org.openqa.selenium.remote.RemoteWebDriver.findElement(RemoteWebDriver.java:362)
	at com.qa.pages.SelectMenuPage.selectTheBootstrapOption(SelectMenuPage.java:55)
	at com.qa.stepDefinitions.SelectMenuSteps.i_select_the_option_group_option_in_the_bootstrap_dropdown(SelectMenuSteps.java:27)
	at âœ½.I select the option "Group 1, option 3" in the bootstrap dropdown(file:///E:/Programming/workspace/SeleniumCucumberMBDD2/src/test/java/com/qa/features/Widgets.feature:44)
&amp#27;[0m
]]></system-out>
  </testcase>
  <testcase name="Verify that the user is able to select the values from bootstrap dropdrown #1" classname="Feature-Handle Widgets" time="1.972">
    <error message="no such element: Unable to locate element: {&quot;method&quot;:&quot;xpath&quot;,&quot;selector&quot;:&quot;//*[@class!=&apos; css-1uccc91-singleValue&apos; and text()=&apos;Group 1, option 3&apos;]&quot;}&#10;  (Session info: chrome=134.0.6998.178)&#10;For documentation on this error, please visit: https://www.selenium.dev/documentation/webdriver/troubleshooting/errors#no-such-element-exception&#10;Build info: version: &apos;4.30.0&apos;, revision: &apos;509c7f17cc*&apos;&#10;System info: os.name: &apos;Windows 10&apos;, os.arch: &apos;amd64&apos;, os.version: &apos;10.0&apos;, java.version: &apos;17.0.6&apos;&#10;Driver info: org.openqa.selenium.chrome.ChromeDriver&#10;Command: [184b40f7d1e2537657b5f6a171b61e66, findElement {value=//*[@class!=&apos; css-1uccc91-singleValue&apos; and text()=&apos;Group 1, option 3&apos;], using=xpath}]&#10;Capabilities {acceptInsecureCerts: false, browserName: chrome, browserVersion: 134.0.6998.178, chrome: {chromedriverVersion: 134.0.6998.165 (fd886e2cb29..., userDataDir: C:\Users\hp\AppData\Local\T...}, fedcm:accounts: true, goog:chromeOptions: {debuggerAddress: localhost:10536}, networkConnectionEnabled: false, pageLoadStrategy: eager, platformName: windows, proxy: Proxy(), se:cdp: ws://localhost:10536/devtoo..., se:cdpVersion: 134.0.6998.178, setWindowRect: true, strictFileInteractability: false, timeouts: {implicit: 0, pageLoad: 300000, script: 30000}, unhandledPromptBehavior: dismiss and notify, webauthn:extension:credBlob: true, webauthn:extension:largeBlob: true, webauthn:extension:minPinLength: true, webauthn:extension:prf: true, webauthn:virtualAuthenticators: true}&#10;Session ID: 184b40f7d1e2537657b5f6a171b61e66" type="org.openqa.selenium.NoSuchElementException"><![CDATA[org.openqa.selenium.NoSuchElementException: 
no such element: Unable to locate element: {"method":"xpath","selector":"//*[@class!=' css-1uccc91-singleValue' and text()='Group 1, option 3']"}
  (Session info: chrome=134.0.6998.178)
For documentation on this error, please visit: https://www.selenium.dev/documentation/webdriver/troubleshooting/errors#no-such-element-exception
Build info: version: '4.30.0', revision: '509c7f17cc*'
System info: os.name: 'Windows 10', os.arch: 'amd64', os.version: '10.0', java.version: '17.0.6'
Driver info: org.openqa.selenium.chrome.ChromeDriver
Command: [184b40f7d1e2537657b5f6a171b61e66, findElement {value=//*[@class!=' css-1uccc91-singleValue' and text()='Group 1, option 3'], using=xpath}]
Capabilities {acceptInsecureCerts: false, browserName: chrome, browserVersion: 134.0.6998.178, chrome: {chromedriverVersion: 134.0.6998.165 (fd886e2cb29..., userDataDir: C:\Users\hp\AppData\Local\T...}, fedcm:accounts: true, goog:chromeOptions: {debuggerAddress: localhost:10536}, networkConnectionEnabled: false, pageLoadStrategy: eager, platformName: windows, proxy: Proxy(), se:cdp: ws://localhost:10536/devtoo..., se:cdpVersion: 134.0.6998.178, setWindowRect: true, strictFileInteractability: false, timeouts: {implicit: 0, pageLoad: 300000, script: 30000}, unhandledPromptBehavior: dismiss and notify, webauthn:extension:credBlob: true, webauthn:extension:largeBlob: true, webauthn:extension:minPinLength: true, webauthn:extension:prf: true, webauthn:virtualAuthenticators: true}
Session ID: 184b40f7d1e2537657b5f6a171b61e66
	at java.base/java.lang.reflect.Constructor.newInstanceWithCaller(Constructor.java:499)
	at java.base/java.lang.reflect.Constructor.newInstance(Constructor.java:480)
	at org.openqa.selenium.remote.ErrorCodec.decode(ErrorCodec.java:167)
	at org.openqa.selenium.remote.codec.w3c.W3CHttpResponseCodec.decode(W3CHttpResponseCodec.java:138)
	at org.openqa.selenium.remote.codec.w3c.W3CHttpResponseCodec.decode(W3CHttpResponseCodec.java:50)
	at org.openqa.selenium.remote.HttpCommandExecutor.execute(HttpCommandExecutor.java:215)
	at org.openqa.selenium.remote.service.DriverCommandExecutor.invokeExecute(DriverCommandExecutor.java:216)
	at org.openqa.selenium.remote.service.DriverCommandExecutor.execute(DriverCommandExecutor.java:174)
	at org.openqa.selenium.remote.RemoteWebDriver.execute(RemoteWebDriver.java:545)
	at org.openqa.selenium.remote.ElementLocation$ElementFinder$2.findElement(ElementLocation.java:165)
	at org.openqa.selenium.remote.ElementLocation.findElement(ElementLocation.java:59)
	at org.openqa.selenium.remote.RemoteWebDriver.findElement(RemoteWebDriver.java:368)
	at org.openqa.selenium.remote.RemoteWebDriver.findElement(RemoteWebDriver.java:362)
	at com.qa.pages.SelectMenuPage.selectTheBootstrapOption(SelectMenuPage.java:55)
	at com.qa.stepDefinitions.SelectMenuSteps.i_select_the_option_group_option_in_the_bootstrap_dropdown(SelectMenuSteps.java:27)
	at ✽.I select the option "Group 1, option 3" in the bootstrap dropdown(file:///E:/Programming/workspace/SeleniumCucumberMBDD2/src/test/java/com/qa/features/Widgets.feature:44)
]]></error>
    <system-out><![CDATA[  &amp#27;[36mThen &amp#27;[0m&amp#27;[36mI see the &amp#27;[0m&amp#27;[36m&amp#27;[1m"Group 1, option 3"&amp#27;[0m&amp#27;[36m get selected&amp#27;[0m                                            &amp#27;[90m# com.qa.stepDefinitions.SelectMenuSteps.i_see_the_group_option_get_selected(java.lang.String)&amp#27;[0m

    Embedding Full_Screen_Screenshot_For: Verify that the user is able to select the values from bootstrap dropdrown [image/png 610320 bytes]


    Embedding Visbile_Screen_Screenshot_For: Verify that the user is able to select the values from bootstrap dropdrown [image/png 291743 bytes]

]]></system-out>
  </testcase>
  <testcase name="I navigate to ToolsQA HomePage" classname="Verify that the user is able to select the values from bootstrap dropdrown #2" time="5.472">
    <system-out><![CDATA[
@allure.label.owner=Bobby @allure.label.epic:Epic-Widgets_Page @allure.label.feature:Feature-Handle_Widgets @Regression @Retest @allure.label.story:Verify_that_the_user_is_able_to_select_the_values_from_bootstrap_dropdrown
Scenario Outline: Verify that the user is able to select the values from bootstrap dropdrown &amp#27;[90m# src/test/java/com/qa/features/Widgets.feature:49&amp#27;[0m
&amp#27;[34mVerify that the user is able to select the values from bootstrap dropdrown&amp#27;[0m
]]></system-out>
    <system-err><![CDATA[[main] WARN io.qameta.allure.cucumber7jvm.LabelBuilder - Composite tag @ALLURE.LABEL.OWNER is not supported. adding it as RAW
]]></system-err>
  </testcase>
  <testcase name="I open widgets pane" classname="Verify that the user is able to select the values from bootstrap dropdrown #2" time="0.286">
    <system-out><![CDATA[  &amp#27;[32mGiven &amp#27;[0m&amp#27;[32mI navigate to ToolsQA HomePage&amp#27;[0m                                                       &amp#27;[90m# com.qa.stepDefinitions.HomeSteps.i_navigate_to_toolsqa_homepage()&amp#27;[0m
]]></system-out>
  </testcase>
  <testcase name="I open Select Menu page" classname="Verify that the user is able to select the values from bootstrap dropdrown #2" time="0.397">
    <system-out><![CDATA[  &amp#27;[32mWhen &amp#27;[0m&amp#27;[32mI open widgets pane&amp#27;[0m                                                                   &amp#27;[90m# com.qa.stepDefinitions.HomeSteps.i_open_widgets_pane()&amp#27;[0m
]]></system-out>
  </testcase>
  <testcase name="I see the bootstrap dropdown" classname="Verify that the user is able to select the values from bootstrap dropdrown #2" time="2.037">
    <system-out><![CDATA[  &amp#27;[32mAnd &amp#27;[0m&amp#27;[32mI open Select Menu page&amp#27;[0m                                                                &amp#27;[90m# com.qa.stepDefinitions.SelectMenuSteps.i_open_select_menu_page()&amp#27;[0m
]]></system-out>
  </testcase>
  <testcase name="I select the option &quot;Group 1, option 2&quot; in the bootstrap dropdown" classname="Verify that the user is able to select the values from bootstrap dropdrown #2" time="1.102">
    <system-out><![CDATA[  &amp#27;[32mThen &amp#27;[0m&amp#27;[32mI see the bootstrap dropdown&amp#27;[0m                                                          &amp#27;[90m# com.qa.stepDefinitions.SelectMenuSteps.i_see_the_bootstrap_dropdown()&amp#27;[0m
]]></system-out>
  </testcase>
  <testcase name="I see the &quot;Group 1, option 2&quot; get selected" classname="Verify that the user is able to select the values from bootstrap dropdrown #2" time="0.215">
    <system-out><![CDATA[  &amp#27;[32mWhen &amp#27;[0m&amp#27;[32mI select the option &amp#27;[0m&amp#27;[32m&amp#27;[1m"Group 1, option 2"&amp#27;[0m&amp#27;[32m in the bootstrap dropdown&amp#27;[0m                     &amp#27;[90m# com.qa.stepDefinitions.SelectMenuSteps.i_select_the_option_group_option_in_the_bootstrap_dropdown(java.lang.String)&amp#27;[0m
]]></system-out>
  </testcase>
  <testcase name="I navigate to ToolsQA HomePage" classname="Verify that the user is able to select the values from bootstrap dropdrown #3" time="4.759">
    <system-out><![CDATA[  &amp#27;[32mThen &amp#27;[0m&amp#27;[32mI see the &amp#27;[0m&amp#27;[32m&amp#27;[1m"Group 1, option 2"&amp#27;[0m&amp#27;[32m get selected&amp#27;[0m                                            &amp#27;[90m# com.qa.stepDefinitions.SelectMenuSteps.i_see_the_group_option_get_selected(java.lang.String)&amp#27;[0m

@allure.label.owner=Bobby @allure.label.epic:Epic-Widgets_Page @allure.label.feature:Feature-Handle_Widgets @Regression @Retest @allure.label.story:Verify_that_the_user_is_able_to_select_the_values_from_bootstrap_dropdrown
Scenario Outline: Verify that the user is able to select the values from bootstrap dropdrown &amp#27;[90m# src/test/java/com/qa/features/Widgets.feature:50&amp#27;[0m
&amp#27;[34mVerify that the user is able to select the values from bootstrap dropdrown&amp#27;[0m
]]></system-out>
    <system-err><![CDATA[[main] WARN io.qameta.allure.cucumber7jvm.LabelBuilder - Composite tag @ALLURE.LABEL.OWNER is not supported. adding it as RAW
]]></system-err>
  </testcase>
  <testcase name="I open widgets pane" classname="Verify that the user is able to select the values from bootstrap dropdrown #3" time="0.312">
    <system-out><![CDATA[  &amp#27;[32mGiven &amp#27;[0m&amp#27;[32mI navigate to ToolsQA HomePage&amp#27;[0m                                                       &amp#27;[90m# com.qa.stepDefinitions.HomeSteps.i_navigate_to_toolsqa_homepage()&amp#27;[0m
]]></system-out>
  </testcase>
  <testcase name="I open Select Menu page" classname="Verify that the user is able to select the values from bootstrap dropdrown #3" time="0.36">
    <system-out><![CDATA[  &amp#27;[32mWhen &amp#27;[0m&amp#27;[32mI open widgets pane&amp#27;[0m                                                                   &amp#27;[90m# com.qa.stepDefinitions.HomeSteps.i_open_widgets_pane()&amp#27;[0m
]]></system-out>
  </testcase>
  <testcase name="I see the bootstrap dropdown" classname="Verify that the user is able to select the values from bootstrap dropdrown #3" time="2.27">
    <system-out><![CDATA[  &amp#27;[32mAnd &amp#27;[0m&amp#27;[32mI open Select Menu page&amp#27;[0m                                                                &amp#27;[90m# com.qa.stepDefinitions.SelectMenuSteps.i_open_select_menu_page()&amp#27;[0m
]]></system-out>
  </testcase>
  <testcase name="I select the option &quot;Group 2, option 1&quot; in the bootstrap dropdown" classname="Verify that the user is able to select the values from bootstrap dropdrown #3" time="1.503">
    <system-out><![CDATA[  &amp#27;[32mThen &amp#27;[0m&amp#27;[32mI see the bootstrap dropdown&amp#27;[0m                                                          &amp#27;[90m# com.qa.stepDefinitions.SelectMenuSteps.i_see_the_bootstrap_dropdown()&amp#27;[0m
]]></system-out>
  </testcase>
  <testcase name="I see the &quot;Group 2, option 1&quot; get selected" classname="Verify that the user is able to select the values from bootstrap dropdrown #3" time="0.084">
    <system-out><![CDATA[  &amp#27;[32mWhen &amp#27;[0m&amp#27;[32mI select the option &amp#27;[0m&amp#27;[32m&amp#27;[1m"Group 2, option 1"&amp#27;[0m&amp#27;[32m in the bootstrap dropdown&amp#27;[0m                     &amp#27;[90m# com.qa.stepDefinitions.SelectMenuSteps.i_select_the_option_group_option_in_the_bootstrap_dropdown(java.lang.String)&amp#27;[0m
]]></system-out>
  </testcase>
  <testcase name="I navigate to ToolsQA HomePage" classname="Verify that the user is able to select the values from bootstrap dropdrown #4" time="4.511">
    <system-out><![CDATA[  &amp#27;[32mThen &amp#27;[0m&amp#27;[32mI see the &amp#27;[0m&amp#27;[32m&amp#27;[1m"Group 2, option 1"&amp#27;[0m&amp#27;[32m get selected&amp#27;[0m                                            &amp#27;[90m# com.qa.stepDefinitions.SelectMenuSteps.i_see_the_group_option_get_selected(java.lang.String)&amp#27;[0m

@allure.label.owner=Bobby @allure.label.epic:Epic-Widgets_Page @allure.label.feature:Feature-Handle_Widgets @Regression @Retest @allure.label.story:Verify_that_the_user_is_able_to_select_the_values_from_bootstrap_dropdrown
Scenario Outline: Verify that the user is able to select the values from bootstrap dropdrown &amp#27;[90m# src/test/java/com/qa/features/Widgets.feature:51&amp#27;[0m
&amp#27;[34mVerify that the user is able to select the values from bootstrap dropdrown&amp#27;[0m
]]></system-out>
    <system-err><![CDATA[[main] WARN io.qameta.allure.cucumber7jvm.LabelBuilder - Composite tag @ALLURE.LABEL.OWNER is not supported. adding it as RAW
]]></system-err>
  </testcase>
  <testcase name="I open widgets pane" classname="Verify that the user is able to select the values from bootstrap dropdrown #4" time="0.375">
    <system-out><![CDATA[  &amp#27;[32mGiven &amp#27;[0m&amp#27;[32mI navigate to ToolsQA HomePage&amp#27;[0m                                                       &amp#27;[90m# com.qa.stepDefinitions.HomeSteps.i_navigate_to_toolsqa_homepage()&amp#27;[0m
]]></system-out>
  </testcase>
  <testcase name="I open Select Menu page" classname="Verify that the user is able to select the values from bootstrap dropdrown #4" time="0.308">
    <system-out><![CDATA[  &amp#27;[32mWhen &amp#27;[0m&amp#27;[32mI open widgets pane&amp#27;[0m                                                                   &amp#27;[90m# com.qa.stepDefinitions.HomeSteps.i_open_widgets_pane()&amp#27;[0m
]]></system-out>
  </testcase>
  <testcase name="I see the bootstrap dropdown" classname="Verify that the user is able to select the values from bootstrap dropdrown #4" time="0.363">
    <system-out><![CDATA[  &amp#27;[32mAnd &amp#27;[0m&amp#27;[32mI open Select Menu page&amp#27;[0m                                                                &amp#27;[90m# com.qa.stepDefinitions.SelectMenuSteps.i_open_select_menu_page()&amp#27;[0m
]]></system-out>
  </testcase>
  <testcase name="I select the option &quot;Group 2, option 2&quot; in the bootstrap dropdown" classname="Verify that the user is able to select the values from bootstrap dropdrown #4" time="0.57">
    <system-out><![CDATA[  &amp#27;[32mThen &amp#27;[0m&amp#27;[32mI see the bootstrap dropdown&amp#27;[0m                                                          &amp#27;[90m# com.qa.stepDefinitions.SelectMenuSteps.i_see_the_bootstrap_dropdown()&amp#27;[0m
]]></system-out>
  </testcase>
  <testcase name="I see the &quot;Group 2, option 2&quot; get selected" classname="Verify that the user is able to select the values from bootstrap dropdrown #4" time="0.078">
    <system-out><![CDATA[  &amp#27;[32mWhen &amp#27;[0m&amp#27;[32mI select the option &amp#27;[0m&amp#27;[32m&amp#27;[1m"Group 2, option 2"&amp#27;[0m&amp#27;[32m in the bootstrap dropdown&amp#27;[0m                     &amp#27;[90m# com.qa.stepDefinitions.SelectMenuSteps.i_select_the_option_group_option_in_the_bootstrap_dropdown(java.lang.String)&amp#27;[0m
]]></system-out>
  </testcase>
  <testcase name="I navigate to ToolsQA HomePage" classname="Verify that the user is able to select the values from bootstrap dropdrown #5" time="4.808">
    <system-out><![CDATA[  &amp#27;[32mThen &amp#27;[0m&amp#27;[32mI see the &amp#27;[0m&amp#27;[32m&amp#27;[1m"Group 2, option 2"&amp#27;[0m&amp#27;[32m get selected&amp#27;[0m                                            &amp#27;[90m# com.qa.stepDefinitions.SelectMenuSteps.i_see_the_group_option_get_selected(java.lang.String)&amp#27;[0m

@allure.label.owner=Bobby @allure.label.epic:Epic-Widgets_Page @allure.label.feature:Feature-Handle_Widgets @Regression @Retest @allure.label.story:Verify_that_the_user_is_able_to_select_the_values_from_bootstrap_dropdrown
Scenario Outline: Verify that the user is able to select the values from bootstrap dropdrown &amp#27;[90m# src/test/java/com/qa/features/Widgets.feature:52&amp#27;[0m
&amp#27;[34mVerify that the user is able to select the values from bootstrap dropdrown&amp#27;[0m
]]></system-out>
    <system-err><![CDATA[[main] WARN io.qameta.allure.cucumber7jvm.LabelBuilder - Composite tag @ALLURE.LABEL.OWNER is not supported. adding it as RAW
]]></system-err>
  </testcase>
  <testcase name="I open widgets pane" classname="Verify that the user is able to select the values from bootstrap dropdrown #5" time="0.481">
    <system-out><![CDATA[  &amp#27;[32mGiven &amp#27;[0m&amp#27;[32mI navigate to ToolsQA HomePage&amp#27;[0m                                                       &amp#27;[90m# com.qa.stepDefinitions.HomeSteps.i_navigate_to_toolsqa_homepage()&amp#27;[0m
]]></system-out>
  </testcase>
  <testcase name="I open Select Menu page" classname="Verify that the user is able to select the values from bootstrap dropdrown #5" time="0.284">
    <system-out><![CDATA[  &amp#27;[32mWhen &amp#27;[0m&amp#27;[32mI open widgets pane&amp#27;[0m                                                                   &amp#27;[90m# com.qa.stepDefinitions.HomeSteps.i_open_widgets_pane()&amp#27;[0m
]]></system-out>
  </testcase>
  <testcase name="I see the bootstrap dropdown" classname="Verify that the user is able to select the values from bootstrap dropdrown #5" time="1.274">
    <system-out><![CDATA[  &amp#27;[32mAnd &amp#27;[0m&amp#27;[32mI open Select Menu page&amp#27;[0m                                                                &amp#27;[90m# com.qa.stepDefinitions.SelectMenuSteps.i_open_select_menu_page()&amp#27;[0m
]]></system-out>
  </testcase>
  <testcase name="I select the option &quot;A root option&quot; in the bootstrap dropdown" classname="Verify that the user is able to select the values from bootstrap dropdrown #5" time="1.033">
    <system-out><![CDATA[  &amp#27;[32mThen &amp#27;[0m&amp#27;[32mI see the bootstrap dropdown&amp#27;[0m                                                          &amp#27;[90m# com.qa.stepDefinitions.SelectMenuSteps.i_see_the_bootstrap_dropdown()&amp#27;[0m
]]></system-out>
  </testcase>
  <testcase name="I see the &quot;A root option&quot; get selected" classname="Verify that the user is able to select the values from bootstrap dropdrown #5" time="0.192">
    <system-out><![CDATA[  &amp#27;[32mWhen &amp#27;[0m&amp#27;[32mI select the option &amp#27;[0m&amp#27;[32m&amp#27;[1m"A root option"&amp#27;[0m&amp#27;[32m in the bootstrap dropdown&amp#27;[0m                         &amp#27;[90m# com.qa.stepDefinitions.SelectMenuSteps.i_select_the_option_group_option_in_the_bootstrap_dropdown(java.lang.String)&amp#27;[0m
]]></system-out>
  </testcase>
  <testcase name="I navigate to ToolsQA HomePage" classname="Verify that the user is able to select the values from bootstrap dropdrown #6" time="5.001">
    <system-out><![CDATA[  &amp#27;[32mThen &amp#27;[0m&amp#27;[32mI see the &amp#27;[0m&amp#27;[32m&amp#27;[1m"A root option"&amp#27;[0m&amp#27;[32m get selected&amp#27;[0m                                                &amp#27;[90m# com.qa.stepDefinitions.SelectMenuSteps.i_see_the_group_option_get_selected(java.lang.String)&amp#27;[0m

@allure.label.owner=Bobby @allure.label.epic:Epic-Widgets_Page @allure.label.feature:Feature-Handle_Widgets @Regression @Retest @allure.label.story:Verify_that_the_user_is_able_to_select_the_values_from_bootstrap_dropdrown
Scenario Outline: Verify that the user is able to select the values from bootstrap dropdrown &amp#27;[90m# src/test/java/com/qa/features/Widgets.feature:53&amp#27;[0m
&amp#27;[34mVerify that the user is able to select the values from bootstrap dropdrown&amp#27;[0m
]]></system-out>
    <system-err><![CDATA[[main] WARN io.qameta.allure.cucumber7jvm.LabelBuilder - Composite tag @ALLURE.LABEL.OWNER is not supported. adding it as RAW
]]></system-err>
  </testcase>
  <testcase name="I open widgets pane" classname="Verify that the user is able to select the values from bootstrap dropdrown #6" time="0.568">
    <system-out><![CDATA[  &amp#27;[32mGiven &amp#27;[0m&amp#27;[32mI navigate to ToolsQA HomePage&amp#27;[0m                                                       &amp#27;[90m# com.qa.stepDefinitions.HomeSteps.i_navigate_to_toolsqa_homepage()&amp#27;[0m
]]></system-out>
  </testcase>
  <testcase name="I open Select Menu page" classname="Verify that the user is able to select the values from bootstrap dropdrown #6" time="0.365">
    <system-out><![CDATA[  &amp#27;[32mWhen &amp#27;[0m&amp#27;[32mI open widgets pane&amp#27;[0m                                                                   &amp#27;[90m# com.qa.stepDefinitions.HomeSteps.i_open_widgets_pane()&amp#27;[0m
]]></system-out>
  </testcase>
  <testcase name="I see the bootstrap dropdown" classname="Verify that the user is able to select the values from bootstrap dropdrown #6" time="1.58">
    <system-out><![CDATA[  &amp#27;[32mAnd &amp#27;[0m&amp#27;[32mI open Select Menu page&amp#27;[0m                                                                &amp#27;[90m# com.qa.stepDefinitions.SelectMenuSteps.i_open_select_menu_page()&amp#27;[0m
]]></system-out>
  </testcase>
  <testcase name="I select the option &quot;Another root option&quot; in the bootstrap dropdown" classname="Verify that the user is able to select the values from bootstrap dropdrown #6" time="1.074">
    <system-out><![CDATA[  &amp#27;[32mThen &amp#27;[0m&amp#27;[32mI see the bootstrap dropdown&amp#27;[0m                                                          &amp#27;[90m# com.qa.stepDefinitions.SelectMenuSteps.i_see_the_bootstrap_dropdown()&amp#27;[0m
]]></system-out>
  </testcase>
  <testcase name="I see the &quot;Another root option&quot; get selected" classname="Verify that the user is able to select the values from bootstrap dropdrown #6" time="0.142">
    <system-out><![CDATA[  &amp#27;[32mWhen &amp#27;[0m&amp#27;[32mI select the option &amp#27;[0m&amp#27;[32m&amp#27;[1m"Another root option"&amp#27;[0m&amp#27;[32m in the bootstrap dropdown&amp#27;[0m                   &amp#27;[90m# com.qa.stepDefinitions.SelectMenuSteps.i_select_the_option_group_option_in_the_bootstrap_dropdown(java.lang.String)&amp#27;[0m
]]></system-out>
  </testcase>
  <testcase name="I navigate to ToolsQA HomePage" classname="Verify that the user is able to see the tooltip after hovering on the button" time="6.126">
    <system-out><![CDATA[  &amp#27;[32mThen &amp#27;[0m&amp#27;[32mI see the &amp#27;[0m&amp#27;[32m&amp#27;[1m"Another root option"&amp#27;[0m&amp#27;[32m get selected&amp#27;[0m                                          &amp#27;[90m# com.qa.stepDefinitions.SelectMenuSteps.i_see_the_group_option_get_selected(java.lang.String)&amp#27;[0m

@allure.label.owner=Bobby @allure.label.epic:Epic-Widgets_Page @allure.label.feature:Feature-Handle_Widgets @Regression @Retest @allure.label.story:Verify_that_the_user_is_able_to_see_the_tooltip_after_hovering_on_the_button
Scenario: Verify that the user is able to see the tooltip after hovering on the button &amp#27;[90m# src/test/java/com/qa/features/Widgets.feature:76&amp#27;[0m
&amp#27;[34mVerify that the user is able to see the tooltip after hovering on the button&amp#27;[0m
]]></system-out>
    <system-err><![CDATA[[main] WARN io.qameta.allure.cucumber7jvm.LabelBuilder - Composite tag @ALLURE.LABEL.OWNER is not supported. adding it as RAW
]]></system-err>
  </testcase>
  <testcase name="I open widgets pane" classname="Verify that the user is able to see the tooltip after hovering on the button" time="0.574">
    <system-out><![CDATA[  &amp#27;[32mGiven &amp#27;[0m&amp#27;[32mI navigate to ToolsQA HomePage&amp#27;[0m                                                 &amp#27;[90m# com.qa.stepDefinitions.HomeSteps.i_navigate_to_toolsqa_homepage()&amp#27;[0m
]]></system-out>
  </testcase>
  <testcase name="I open Tool Tips page" classname="Verify that the user is able to see the tooltip after hovering on the button" time="0.191">
    <system-out><![CDATA[  &amp#27;[32mWhen &amp#27;[0m&amp#27;[32mI open widgets pane&amp#27;[0m                                                             &amp#27;[90m# com.qa.stepDefinitions.HomeSteps.i_open_widgets_pane()&amp#27;[0m
]]></system-out>
  </testcase>
  <testcase name="I hover on the given button" classname="Verify that the user is able to see the tooltip after hovering on the button" time="2.202">
    <system-out><![CDATA[  &amp#27;[32mAnd &amp#27;[0m&amp#27;[32mI open Tool Tips page&amp#27;[0m                                                            &amp#27;[90m# com.qa.stepDefinitions.ToolTipSteps.i_open_tool_tips_page()&amp#27;[0m
]]></system-out>
  </testcase>
  <testcase name="I see the tool tip with the tip message &quot;You hovered over the Button&quot;" classname="Verify that the user is able to see the tooltip after hovering on the button" time="0.755">
    <system-out><![CDATA[  &amp#27;[32mAnd &amp#27;[0m&amp#27;[32mI hover on the given button&amp#27;[0m                                                      &amp#27;[90m# com.qa.stepDefinitions.ToolTipSteps.i_hover_on_the_given_button()&amp#27;[0m
]]></system-out>
  </testcase>
</testsuite>